[2025-12-28 19:59:12,638: INFO: common: yaml file: config\config.yaml loaded successfully]
[2025-12-28 19:59:12,670: INFO: common: yaml file: params.yaml loaded successfully]
[2025-12-28 19:59:12,673: INFO: common: created directory at: artifacts]
[2025-12-28 19:59:12,676: INFO: common: created directory at: artifacts/data_ingestion]
[2025-12-28 19:59:28,549: INFO: 249758988: File is downloaded]
[2025-12-28 20:20:43,894: INFO: common: yaml file: config\config.yaml loaded successfully]
[2025-12-28 20:20:43,903: INFO: common: yaml file: params.yaml loaded successfully]
[2025-12-28 20:21:01,933: INFO: common: yaml file: config\config.yaml loaded successfully]
[2025-12-28 20:21:01,938: INFO: common: yaml file: params.yaml loaded successfully]
[2025-12-28 20:21:01,942: INFO: common: created directory at: artifacts]
[2025-12-28 20:21:01,945: INFO: common: created directory at: artifacts/data_transformation]
[2025-12-28 20:22:30,814: INFO: common: yaml file: config\config.yaml loaded successfully]
[2025-12-28 20:22:30,819: INFO: common: yaml file: params.yaml loaded successfully]
[2025-12-28 20:22:30,823: INFO: common: created directory at: artifacts]
[2025-12-28 20:22:30,825: INFO: common: created directory at: artifacts/data_transformation]
[2025-12-28 20:33:41,605: INFO: common: yaml file: config\config.yaml loaded successfully]
[2025-12-28 20:33:41,610: INFO: common: yaml file: params.yaml loaded successfully]
[2025-12-28 20:33:41,615: INFO: common: created directory at: artifacts]
[2025-12-28 20:33:41,620: INFO: common: created directory at: artifacts/data_transformation]
[2025-12-28 20:35:06,077: INFO: common: yaml file: config\config.yaml loaded successfully]
[2025-12-28 20:35:06,080: INFO: common: yaml file: params.yaml loaded successfully]
[2025-12-28 20:35:06,082: INFO: common: created directory at: artifacts]
[2025-12-28 20:35:06,085: INFO: common: created directory at: artifacts/data_transformation]
[2025-12-28 20:36:53,458: INFO: common: yaml file: config\config.yaml loaded successfully]
[2025-12-28 20:36:53,462: INFO: common: yaml file: params.yaml loaded successfully]
[2025-12-28 20:36:53,464: INFO: common: created directory at: artifacts]
[2025-12-28 20:36:53,467: INFO: common: created directory at: artifacts/data_transformation]
[2025-12-28 20:38:17,146: INFO: common: yaml file: config\config.yaml loaded successfully]
[2025-12-28 20:38:17,160: INFO: common: yaml file: params.yaml loaded successfully]
[2025-12-28 20:38:17,163: INFO: common: created directory at: artifacts]
[2025-12-28 20:38:17,165: INFO: common: created directory at: artifacts/data_transformation]
[2025-12-28 20:48:08,155: INFO: main: stage Data Ingestion stage initiated]
[2025-12-28 20:48:08,160: INFO: common: yaml file: config\config.yaml loaded successfully]
[2025-12-28 20:48:08,164: INFO: common: yaml file: params.yaml loaded successfully]
[2025-12-28 20:48:08,166: INFO: common: created directory at: artifacts]
[2025-12-28 20:48:08,168: INFO: common: created directory at: artifacts/data_ingestion]
[2025-12-28 20:48:08,168: INFO: data_ingestion: File already exits]
[2025-12-28 20:48:08,360: INFO: main: Stage Data Ingestion stage Completed]
[2025-12-28 20:48:08,361: INFO: main: stage Data Transformation stage initiated]
[2025-12-28 20:48:08,364: INFO: common: yaml file: config\config.yaml loaded successfully]
[2025-12-28 20:48:08,364: INFO: common: yaml file: params.yaml loaded successfully]
[2025-12-28 20:48:08,365: INFO: common: created directory at: artifacts]
[2025-12-28 20:48:08,365: INFO: common: created directory at: artifacts/data_transformation]
[2025-12-28 20:48:28,885: INFO: main: Stage Data Transformation stage Completed]
